[    0.000000] Initializing cgroup subsys cpuset
[    0.000000] Initializing cgroup subsys cpu
[    0.000000] Initializing cgroup subsys cpuacct
[    0.000000] Linux version 4.4.0-146-generic (buildd@lcy01-amd64-025) (gcc version 5.4.0 20160609 (Ubuntu 5.4.0-6ubuntu1~16.04.10) ) #172-Ubuntu SMP Wed Apr 3 09:00:08 UTC 2019 (Ubuntu 4.4.0-146.172-generic 4.4.177)
[    0.000000] Command line: BOOT_IMAGE=/boot/vmlinuz-4.4.0-146-generic root=LABEL=cloudimg-rootfs ro console=tty1 console=ttyS0
[    0.000000] KERNEL supported cpus:
[    0.000000]   Intel GenuineIntel
[    0.000000]   AMD AuthenticAMD
[    0.000000]   Centaur CentaurHauls
[    0.000000] x86/fpu: xstate_offset[2]:  576, xstate_sizes[2]:  256
[    0.000000] x86/fpu: Supporting XSAVE feature 0x01: 'x87 floating point registers'
[    0.000000] x86/fpu: Supporting XSAVE feature 0x02: 'SSE registers'
[    0.000000] x86/fpu: Supporting XSAVE feature 0x04: 'AVX registers'
[    0.000000] x86/fpu: Enabled xstate features 0x7, context size is 832 bytes, using 'standard' format.
[    0.000000] e820: BIOS-provided physical RAM map:
[    0.000000] BIOS-e820: [mem 0x0000000000000000-0x000000000009fbff] usable
[    0.000000] BIOS-e820: [mem 0x000000000009fc00-0x000000000009ffff] reserved
[    0.000000] BIOS-e820: [mem 0x00000000000f0000-0x00000000000fffff] reserved
[    0.000000] BIOS-e820: [mem 0x0000000000100000-0x000000003ffeffff] usable
[    0.000000] BIOS-e820: [mem 0x000000003fff0000-0x000000003fffffff] ACPI data
[    0.000000] BIOS-e820: [mem 0x00000000fec00000-0x00000000fec00fff] reserved
[    0.000000] BIOS-e820: [mem 0x00000000fee00000-0x00000000fee00fff] reserved
[    0.000000] BIOS-e820: [mem 0x00000000fffc0000-0x00000000ffffffff] reserved
[    0.000000] NX (Execute Disable) protection: active
[    0.000000] SMBIOS 2.5 present.
[    0.000000] Hypervisor detected: KVM
[    0.000000] e820: last_pfn = 0x3fff0 max_arch_pfn = 0x400000000
[    0.000000] MTRR: Disabled
[    0.000000] x86/PAT: MTRRs disabled, skipping PAT initialization too.
[    0.000000] CPU MTRRs all blank - virtualized system.
[    0.000000] x86/PAT: Configuration [0-7]: WB  WT  UC- UC  WB  WT  UC- UC  
[    0.000000] found SMP MP-table at [mem 0x0009fff0-0x0009ffff] mapped at [ffff88000009fff0]
[    0.000000] Scanning 1 areas for low memory corruption
[    0.000000] RAMDISK: [mem 0x362fa000-0x37174fff]
[    0.000000] ACPI: Early table checksum verification disabled
[    0.000000] ACPI: RSDP 0x00000000000E0000 000024 (v02 VBOX  )
[    0.000000] ACPI: XSDT 0x000000003FFF0030 00003C (v01 VBOX   VBOXXSDT 00000001 ASL  00000061)
[    0.000000] ACPI: FACP 0x000000003FFF00F0 0000F4 (v04 VBOX   VBOXFACP 00000001 ASL  00000061)
[    0.000000] ACPI: DSDT 0x000000003FFF0470 0022EA (v02 VBOX   VBOXBIOS 00000002 INTL 20100528)
[    0.000000] ACPI: FACS 0x000000003FFF0200 000040
[    0.000000] ACPI: FACS 0x000000003FFF0200 000040
[    0.000000] ACPI: APIC 0x000000003FFF0240 00005C (v02 VBOX   VBOXAPIC 00000001 ASL  00000061)
[    0.000000] ACPI: SSDT 0x000000003FFF02A0 0001CC (v01 VBOX   VBOXCPUT 00000002 INTL 20100528)
[    0.000000] No NUMA configuration found
[    0.000000] Faking a node at [mem 0x0000000000000000-0x000000003ffeffff]
[    0.000000] NODE_DATA(0) allocated [mem 0x3ffeb000-0x3ffeffff]
[    0.000000] kvm-clock: Using msrs 4b564d01 and 4b564d00
[    0.000000] kvm-clock: cpu 0, msr 0:3ffe3001, primary cpu clock
[    0.000000] kvm-clock: using sched offset of 8576902970 cycles
[    0.000000] clocksource: kvm-clock: mask: 0xffffffffffffffff max_cycles: 0x1cd42e4dffb, max_idle_ns: 881590591483 ns
[    0.000000] Zone ranges:
[    0.000000]   DMA      [mem 0x0000000000001000-0x0000000000ffffff]
[    0.000000]   DMA32    [mem 0x0000000001000000-0x000000003ffeffff]
[    0.000000]   Normal   empty
[    0.000000]   Device   empty
[    0.000000] Movable zone start for each node
[    0.000000] Early memory node ranges
[    0.000000]   node   0: [mem 0x0000000000001000-0x000000000009efff]
[    0.000000]   node   0: [mem 0x0000000000100000-0x000000003ffeffff]
[    0.000000] Initmem setup node 0 [mem 0x0000000000001000-0x000000003ffeffff]
[    0.000000] ACPI: PM-Timer IO Port: 0x4008
[    0.000000] IOAPIC[0]: apic_id 2, version 32, address 0xfec00000, GSI 0-23
[    0.000000] ACPI: INT_SRC_OVR (bus 0 bus_irq 0 global_irq 2 dfl dfl)
[    0.000000] ACPI: INT_SRC_OVR (bus 0 bus_irq 9 global_irq 9 low level)
[    0.000000] Using ACPI (MADT) for SMP configuration information
[    0.000000] smpboot: Allowing 2 CPUs, 0 hotplug CPUs
[    0.000000] PM: Registered nosave memory: [mem 0x00000000-0x00000fff]
[    0.000000] PM: Registered nosave memory: [mem 0x0009f000-0x0009ffff]
[    0.000000] PM: Registered nosave memory: [mem 0x000a0000-0x000effff]
[    0.000000] PM: Registered nosave memory: [mem 0x000f0000-0x000fffff]
[    0.000000] e820: [mem 0x40000000-0xfebfffff] available for PCI devices
[    0.000000] Booting paravirtualized kernel on KVM
[    0.000000] clocksource: refined-jiffies: mask: 0xffffffff max_cycles: 0xffffffff, max_idle_ns: 7645519600211568 ns
[    0.000000] setup_percpu: NR_CPUS:512 nr_cpumask_bits:512 nr_cpu_ids:2 nr_node_ids:1
[    0.000000] PERCPU: Embedded 34 pages/cpu @ffff88003fc00000 s99480 r8192 d31592 u1048576
[    0.000000] Built 1 zonelists in Node order, mobility grouping on.  Total pages: 257912
[    0.000000] Policy zone: DMA32
[    0.000000] Kernel command line: BOOT_IMAGE=/boot/vmlinuz-4.4.0-146-generic root=LABEL=cloudimg-rootfs ro console=tty1 console=ttyS0
[    0.000000] PID hash table entries: 4096 (order: 3, 32768 bytes)
[    0.000000] Memory: 997732K/1048120K available (8609K kernel code, 1334K rwdata, 4028K rodata, 1484K init, 1284K bss, 50388K reserved, 0K cma-reserved)
[    0.000000] SLUB: HWalign=64, Order=0-3, MinObjects=0, CPUs=2, Nodes=1
[    0.000000] Kernel/User page tables isolation: enabled
[    0.000000] Hierarchical RCU implementation.
[    0.000000] 	Build-time adjustment of leaf fanout to 64.
[    0.000000] 	RCU restricting CPUs from NR_CPUS=512 to nr_cpu_ids=2.
[    0.000000] RCU: Adjusting geometry for rcu_fanout_leaf=64, nr_cpu_ids=2
[    0.000000] NR_IRQS:33024 nr_irqs:440 16
[    0.000000] Console: colour VGA+ 80x25
[    0.000000] console [tty1] enabled
[    0.000000] console [ttyS0] enabled
[    0.000000] tsc: Detected 1599.999 MHz processor
[    0.259368] Calibrating delay loop (skipped) preset value.. 3199.99 BogoMIPS (lpj=6399996)
[    0.262874] pid_max: default: 32768 minimum: 301
[    0.264802] ACPI: Core revision 20150930
[    0.267539] ACPI: 2 ACPI AML tables successfully acquired and loaded
[    0.270209] Security Framework initialized
[    0.271980] Yama: becoming mindful.
[    0.273442] AppArmor: AppArmor initialized
[    0.275326] Dentry cache hash table entries: 131072 (order: 8, 1048576 bytes)
[    0.280335] Inode-cache hash table entries: 65536 (order: 7, 524288 bytes)
[    0.283333] Mount-cache hash table entries: 2048 (order: 2, 16384 bytes)
[    0.285884] Mountpoint-cache hash table entries: 2048 (order: 2, 16384 bytes)
[    0.289308] Initializing cgroup subsys io
[    0.291166] Initializing cgroup subsys memory
[    0.293355] Initializing cgroup subsys devices
[    0.295246] Initializing cgroup subsys freezer
[    0.297327] Initializing cgroup subsys net_cls
[    0.299276] Initializing cgroup subsys perf_event
[    0.301154] Initializing cgroup subsys net_prio
[    0.303032] Initializing cgroup subsys hugetlb
[    0.304941] Initializing cgroup subsys pids
[    0.307777] mce: CPU supports 0 MCE banks
[    0.309456] Last level iTLB entries: 4KB 64, 2MB 8, 4MB 8
[    0.311829] Last level dTLB entries: 4KB 64, 2MB 0, 4MB 0, 1GB 4
[    0.314470] Spectre V2 : Mitigation: Full generic retpoline
[    0.316641] Spectre V2 : Spectre v2 / SpectreRSB mitigation: Filling RSB on context switch
[    0.319981] Speculative Store Bypass: Vulnerable
[    0.325478] Freeing SMP alternatives memory: 36K
[    0.334623] ftrace: allocating 32287 entries in 127 pages
[    0.404404] smpboot: APIC(0) Converting physical 0 to logical package 0
[    0.407235] smpboot: Max logical packages: 1
[    0.409255] x2apic enabled
[    0.410890] Switched APIC routing to physical x2apic.
[    0.414317] ..TIMER: vector=0x30 apic1=0 pin1=2 apic2=-1 pin2=-1
[    0.521952] smpboot: CPU0: Intel(R) Core(TM) i5-5250U CPU @ 1.60GHz (family: 0x6, model: 0x3d, stepping: 0x4)
[    0.526611] Performance Events: unsupported p6 CPU model 61 no PMU driver, software events only.
[    0.542485] KVM setup paravirtual spinlock
[    0.545218] x86: Booting SMP configuration:
[    0.547005] .... node  #0, CPUs:      #1
[    0.548895] kvm-clock: cpu 1, msr 0:3ffe3041, secondary cpu clock
[    0.552602] mce: CPU supports 0 MCE banks
[    0.556306] x86: Booted up 1 node, 2 CPUs
[    0.558377] smpboot: Total of 2 processors activated (6399.99 BogoMIPS)
[    0.561527] devtmpfs: initialized
[    0.564523] evm: security.selinux
[    0.566033] evm: security.SMACK64
[    0.567438] evm: security.SMACK64EXEC
[    0.568975] evm: security.SMACK64TRANSMUTE
[    0.570837] evm: security.SMACK64MMAP
[    0.572817] evm: security.ima
[    0.574103] evm: security.capability
[    0.575905] clocksource: jiffies: mask: 0xffffffff max_cycles: 0xffffffff, max_idle_ns: 7645041785100000 ns
[    0.579989] futex hash table entries: 512 (order: 3, 32768 bytes)
[    0.582753] pinctrl core: initialized pinctrl subsystem
[    0.585250] RTC time: 20:17:39, date: 05/14/19
[    0.587277] NET: Registered protocol family 16
[    0.598641] cpuidle: using governor ladder
[    0.610876] cpuidle: using governor menu
[    0.613326] PCCT header not found.
[    0.615382] ACPI: bus type PCI registered
[    0.617517] acpiphp: ACPI Hot Plug PCI Controller Driver version: 0.5
[    0.620228] PCI: Using configuration type 1 for base access
[    0.636406] ACPI: Added _OSI(Module Device)
[    0.638826] ACPI: Added _OSI(Processor Device)
[    0.640848] ACPI: Added _OSI(3.0 _SCP Extensions)
[    0.642740] ACPI: Added _OSI(Processor Aggregator Device)
[    0.646053] ACPI: Executed 1 blocks of module-level executable AML code
[    0.651208] ACPI: Interpreter enabled
[    0.652843] ACPI: (supports S0 S5)
[    0.654470] ACPI: Using IOAPIC for interrupt routing
[    0.656522] PCI: Using host bridge windows from ACPI; if necessary, use "pci=nocrs" and report a bug
[    0.666848] ACPI: PCI Root Bridge [PCI0] (domain 0000 [bus 00-ff])
[    0.669278] acpi PNP0A03:00: _OSC: OS supports [ASPM ClockPM Segments MSI]
[    0.672571] acpi PNP0A03:00: _OSC: not requesting OS control; OS requires [ExtendedConfig ASPM ClockPM MSI]
[    0.676460] acpi PNP0A03:00: fail to add MMCONFIG information, can't access extended PCI configuration space under this bridge.
[    0.681595] PCI host bridge to bus 0000:00
[    0.683837] pci_bus 0000:00: root bus resource [io  0x0000-0x0cf7 window]
[    0.686536] pci_bus 0000:00: root bus resource [io  0x0d00-0xffff window]
[    0.689037] pci_bus 0000:00: root bus resource [mem 0x000a0000-0x000bffff window]
[    0.692193] pci_bus 0000:00: root bus resource [mem 0x40000000-0xfdffffff window]
[    0.695620] pci_bus 0000:00: root bus resource [bus 00-ff]
[    0.702989] pci 0000:00:01.1: legacy IDE quirk: reg 0x10: [io  0x01f0-0x01f7]
[    0.706054] pci 0000:00:01.1: legacy IDE quirk: reg 0x14: [io  0x03f6]
[    0.708477] pci 0000:00:01.1: legacy IDE quirk: reg 0x18: [io  0x0170-0x0177]
[    0.711680] pci 0000:00:01.1: legacy IDE quirk: reg 0x1c: [io  0x0376]
[    0.743049] pci 0000:00:07.0: quirk: [io  0x4000-0x403f] claimed by PIIX4 ACPI
[    0.746153] pci 0000:00:07.0: quirk: [io  0x4100-0x410f] claimed by PIIX4 SMB
[    0.778737] ACPI: PCI Interrupt Link [LNKA] (IRQs 5 9 10 *11)
[    0.782051] ACPI: PCI Interrupt Link [LNKB] (IRQs 5 9 *10 11)
[    0.785585] ACPI: PCI Interrupt Link [LNKC] (IRQs 5 *9 10 11)
[    0.788717] ACPI: PCI Interrupt Link [LNKD] (IRQs 5 9 10 *11)
[    0.791713] ACPI: Enabled 2 GPEs in block 00 to 07
[    0.794642] vgaarb: setting as boot device: PCI:0000:00:02.0
[    0.796916] vgaarb: device added: PCI:0000:00:02.0,decodes=io+mem,owns=io+mem,locks=none
[    0.800340] vgaarb: loaded
[    0.801622] vgaarb: bridge control possible 0000:00:02.0
[    0.804005] SCSI subsystem initialized
[    0.806140] ACPI: bus type USB registered
[    0.807784] usbcore: registered new interface driver usbfs
[    0.810391] usbcore: registered new interface driver hub
[    0.812523] usbcore: registered new device driver usb
[    0.815324] PCI: Using ACPI for IRQ routing
[    0.817954] NetLabel: Initializing
[    0.819370] NetLabel:  domain hash size = 128
[    0.821264] NetLabel:  protocols = UNLABELED CIPSOv4
[    0.825667] NetLabel:  unlabeled traffic allowed by default
[    0.828131] amd_nb: Cannot enumerate AMD northbridges
[    0.830694] clocksource: Switched to clocksource kvm-clock
[    0.843020] AppArmor: AppArmor Filesystem Enabled
[    0.845043] pnp: PnP ACPI init
[    0.848306] pnp: PnP ACPI: found 3 devices
[    0.863938] clocksource: acpi_pm: mask: 0xffffff max_cycles: 0xffffff, max_idle_ns: 2085701024 ns
[    0.868676] NET: Registered protocol family 2
[    0.871300] TCP established hash table entries: 8192 (order: 4, 65536 bytes)
[    0.874753] TCP bind hash table entries: 8192 (order: 5, 131072 bytes)
[    0.878092] TCP: Hash tables configured (established 8192 bind 8192)
[    0.881510] UDP hash table entries: 512 (order: 2, 16384 bytes)
[    0.884823] UDP-Lite hash table entries: 512 (order: 2, 16384 bytes)
[    0.888525] NET: Registered protocol family 1
[    0.891630] pci 0000:00:00.0: Limiting direct PCI/PCI transfers
[    0.894694] pci 0000:00:01.0: Activating ISA DMA hang workarounds
[    0.899042] Unpacking initramfs...
[    1.235132] Freeing initrd memory: 14828K
[    1.237102] RAPL PMU detected, API unit is 2^-32 Joules, 4 fixed counters 10737418240 ms ovfl timer
[    1.241034] hw unit of domain pp0-core 2^-0 Joules
[    1.242927] hw unit of domain package 2^-0 Joules
[    1.244983] hw unit of domain dram 2^-0 Joules
[    1.246776] hw unit of domain pp1-gpu 2^-0 Joules
[    1.249087] platform rtc_cmos: registered platform RTC device (no PNP device found)
[    1.252438] Scanning for low memory corruption every 60 seconds
[    1.255295] audit: initializing netlink subsys (disabled)
[    1.257441] audit: type=2000 audit(1557865069.803:1): initialized
[    1.260196] Initialise system trusted keyring
[    1.262497] HugeTLB registered 2 MB page size, pre-allocated 0 pages
[    1.266866] zbud: loaded
[    1.268518] VFS: Disk quotas dquot_6.6.0
[    1.270140] VFS: Dquot-cache hash table entries: 512 (order 0, 4096 bytes)
[    1.273269] squashfs: version 4.0 (2009/01/31) Phillip Lougher
[    1.276178] fuse init (API version 7.23)
[    1.278001] Key type big_key registered
[    1.279749] Allocating IMA MOK and blacklist keyrings.
[    1.284959] Key type asymmetric registered
[    1.286753] Asymmetric key parser 'x509' registered
[    1.289156] Block layer SCSI generic (bsg) driver version 0.4 loaded (major 249)
[    1.292617] io scheduler noop registered
[    1.294232] io scheduler deadline registered (default)
[    1.296507] io scheduler cfq registered
[    1.298280] pci_hotplug: PCI Hot Plug PCI Core version: 0.5
[    1.300738] pciehp: PCI Express Hot Plug Controller Driver version: 0.4
[    1.303893] ACPI: AC Adapter [AC] (off-line)
[    1.305853] input: Power Button as /devices/LNXSYSTM:00/LNXPWRBN:00/input/input0
[    1.308999] ACPI: Power Button [PWRF]
[    1.310647] input: Sleep Button as /devices/LNXSYSTM:00/LNXSLPBN:00/input/input1
[    1.314006] ACPI: Sleep Button [SLPF]
[    1.318228] ACPI: Battery Slot [BAT0] (battery present)
[    1.320789] GHES: HEST is not enabled!
[    1.322522] Serial: 8250/16550 driver, 32 ports, IRQ sharing enabled
[    1.346257] 00:02: ttyS0 at /O 0x3f8 (irq = 4, base_baud = 11200) is a 16550A
[    1.351791] Linux agpgart interface v0.103
[    1.356901] loop: module loaded
[    1.359188] scsi host0: ata_piix
[    1.360999] scsi host1: ata_piix
[    1.362557] ata1: PATA max UDMA/33 cmd 0x1f0 ctl 0x3f6 bmdma 0xd000 irq 14
[    1.365374] ata2: PATA max UDMA/33 cmd 0x170 ctl 0x376 bmdma 0xd008 irq 15
[    1.369207] libphy: Fixed MDIO Bus: probed
[    1.370926] tun: Universal TUN/TAP device driver, 1.6
[    1.373029] tun: (C) 1999-2004 Max Krasnyansky <maxk@qualcomm.com>
[    1.375684] PPP generic driver version 2.4.2
[    1.377515] ehci_hcd: USB 2.0 'Enhanced' Host Controller (EHCI) Driver
[    1.380420] ehci-pci: EHCI PCI platform driver
[    1.382405] ehci-platform: EHCI generic platform driver
[    1.384674] ohci_hcd: USB 1.1 'Open' Host Controller (OHCI) Driver
[    1.387023] ohci-pci: OHCI PCI platform driver
[    1.388915] ohci-platform: OHCI generic platform driver
[    1.391482] uhci_hcd: USB Universal Host Controller Interface driver
[    1.394195] i8042: PNP: PS/2 Controller [PNP0303:PS2K,PNP0f03:PS2M] at 0x60,0x64 irq 1,12
[    1.398697] serio: i8042 KBD port at 0x60,0x64 irq 1
[    1.401095] serio: i8042 AUX port at 0x60,0x64 irq 12
[    1.403317] mousedev: PS/2 mouse device common for all mice
[    1.406430] rtc_cmos rtc_cmos: rtc core: registered rtc_cmos as rtc0
[    1.409135] rtc_cmos rtc_cmos: alarms up to one day, 114 bytes nvram
[    1.411753] i2c /dev entries driver
[    1.413457] device-mapper: uevent: version 1.0.3
[    1.415594] input: AT Translated Set 2 keyboard as /devices/platform/i8042/serio0/input/input2
[    1.419365] device-mapper: ioctl: 4.34.0-ioctl (2015-10-28) initialised: dm-devel@redhat.com
[    1.422763] ledtrig-cpu: registered to indicate activity on CPUs
[    1.426266] NET: Registered protocol family 10
[    1.428628] NET: Registered protocol family 17
[    1.430406] Key type dns_resolver registered
[    1.432550] registered taskstats version 1
[    1.434356] Loading compiled-in X.509 certificates
[    1.437246] Loaded X.509 cert 'Build time autogenerated kernel key: 4dcb2dc2c7cf43e0c20c44384f68683c20294489'
[    1.441331] zswap: loaded using pool lzo/zbud
[    1.446033] Key type trusted registered
[    1.453116] Key type encrypted registered
[    1.454747] AppArmor: AppArmor sha1 policy hashing enabled
[    1.457026] ima: No TPM chip found, activating TPM-bypass!
[    1.459153] ima: Allocated hash algorithm: sha1
[    1.461186] evm: HMAC attrs: 0x1
[    1.463689]   Magic number: 3:886:295
[    1.465556] ata_device dev2.1: hash matches
[    1.467317]  dev2.1: hash matches
[    1.468725] tty tty28: hash matches
[    1.470407] rtc_cmos rtc_cmos: setting system clock to 2019-05-14 20:17:40 UTC (1557865060)
[    1.474266] BIOS EDD facility v0.16 2004-Jun-25, 0 devices found
[    1.476760] EDD information not available.
[    1.525070] Freeing unused kernel memory: 1484K
[    1.528196] Write protecting the kernel read-only data: 14336k
[    1.532657] Freeing unused kernel memory: 1620K
[    1.535424] Freeing unused kernel memory: 68K
Loading, please wait...
starting version 229
[    1.556695] random: systemd-udevd: uninitialized urandom read (16 bytes read, 3 bits of entropy available)
[    1.557619] random: udevadm: uninitialized urandom read (16 bytes read, 3 bits of entropy available)
[    1.557647] random: udevadm: uninitialized urandom read (16 bytes read, 3 bits of entropy available)
[    1.567718] random: udevadm: uninitialized urandom read (16 bytes read, 3 bits of entropy available)
[    1.567768] random: udevadm: uninitialized urandom read (16 bytes read, 3 bits of entropy available)
[    1.567917] random: udevadm: uninitialized urandom read (16 bytes read, 3 bits of entropy available)
[    1.567970] random: udevadm: uninitialized urandom read (16 bytes read, 3 bits of entropy available)
[    1.568021] random: udevadm: uninitialized urandom read (16 bytes read, 3 bits of entropy available)
[    1.568075] random: udevadm: uninitialized urandom read (16 bytes read, 3 bits of entropy available)
[    1.568125] random: udevadm: uninitialized urandom read (16 bytes read, 3 bits of entropy available)
[    1.633450] e1000: Intel(R) PRO/1000 Network Driver - version 7.3.21-k8-NAPI
[    1.636399] e1000: Copyright (c) 1999-2006 Intel Corporation.
[    1.636460] Fusion MPT base driver 3.04.20
[    1.636461] Copyright (c) 1999-2008 LSI Corporation
[    1.650821] Fusion MPT SPI Host driver 3.04.20
[    1.681859] AVX2 version of gcm_enc/dec engaged.
[    1.684307] AES CTR mode by8 optimization enabled
[    1.852425] input: ImExPS/2 Generic Explorer Mouse as /devices/platform/i8042/serio1/input/input4
[    2.141870] e1000 0000:00:03.0 eth0: (PCI:33MHz:32-bit) 02:3a:f4:24:e2:72
[    2.149705] e1000 0000:00:03.0 eth0: Intel(R) PRO/1000 Network Connection
[    2.161987] mptbase: ioc0: Initiating bringup
[    2.231184] ioc0: LSI53C1030 A0: Capabilities={Initiator}
[    2.247446] tsc: Refined TSC clocksource calibration: 1600.364 MHz
[    2.250943] clocksource: tsc: mask: 0xffffffffffffffff max_cycles: 0x17117ccb9dc, max_idle_ns: 440795223407 ns
[    2.405677] scsi host2: ioc0: LSI53C1030 A0, FwRev=00000000h, Ports=1, MaxQ=256, IRQ=20
[    2.519811] scsi 2:0:0:0: Direct-Access     VBOX     HARDDISK         1.0  PQ: 0 ANSI: 5
[    2.526190] scsi target2:0:0: Beginning Domain Validation
[    2.532179] scsi target2:0:0: Domain Validation skipping write tests
[    2.534810] scsi target2:0:0: Ending Domain Validation
[    2.537113] scsi target2:0:0: asynchronous
[    2.554998] scsi 2:0:1:0: Direct-Access     VBOX     HARDDISK         1.0  PQ: 0 ANSI: 5
[    2.559417] scsi target2:0:1: Beginning Domain Validation
[    2.564182] scsi target2:0:1: Domain Validation skipping write tests
[    2.567592] scsi target2:0:1: Ending Domain Validation
[    2.570383] scsi target2:0:1: asynchronous
[    2.587757] sd 2:0:0:0: Attached scsi generic sg0 type 0
[    2.590889] sd 2:0:0:0: [sda] 20971520 512-byte logical blocks: (10.7 GB/10.0 GiB)
[    2.595718] sd 2:0:1:0: [sdb] 20480 512-byte logical blocks: (10.5 MB/10.0 MiB)
[    2.601401] sd 2:0:1:0: Attached scsi generic sg1 type 0
[    2.608119] sd 2:0:1:0: [sdb] Write Protect is off
[    2.610752] sd 2:0:0:0: [sda] Write Protect is off
[    2.613554] sd 2:0:1:0: [sdb] Incomplete mode parameter data
[    2.616561] sd 2:0:1:0: [sdb] Assuming drive cache: write through
[    2.620008] sd 2:0:0:0: [sda] Incomplete mode parameter data
[    2.623017] sd 2:0:0:0: [sda] Assuming drive cache: write through
[    2.631781]  sda: sda1
[    2.636800] sd 2:0:1:0: [sdb] Attached SCSI disk
[    2.641688] sd 2:0:0:0: [sda] Attached SCSI disk
[    3.028183] e1000 0000:00:08.0 eth1: (PCI:33MHz:32-bit) 08:00:27:ec:58:ce
[    3.030846] e1000 0000:00:08.0 eth1: Intel(R) PRO/1000 Network Connection
[    3.035937] e1000 0000:00:08.0 enp0s8: renamed from eth1
[    3.047398] e1000 0000:00:03.0 enp0s3: renamed from eth0
Begin: Loading essential drivers ... [    4.550011] md: linear personality registered for level -1
[    4.556220] md: multipath personality registered for level -4
[    4.563340] md: raid0 personality registered for level 0
[    4.570997] md: raid1 personality registered for level 1
[    4.647027] raid6: sse2x1   gen()  7254 MB/s
[    4.714956] raid6: sse2x1   xor()  5931 MB/s
[    4.782753] raid6: sse2x2   gen()  9733 MB/s
[    4.850920] raid6: sse2x2   xor()  6638 MB/s
[    4.919005] raid6: sse2x4   gen() 11820 MB/s
[    4.987370] raid6: sse2x4   xor()  7955 MB/s
[    5.054846] raid6: avx2x1   gen() 15176 MB/s
[    5.123025] raid6: avx2x2   gen() 17620 MB/s
[    5.190755] raid6: avx2x4   gen() 19777 MB/s
[    5.192658] raid6: using algorithm avx2x4 gen() 19777 MB/s
[    5.195103] raid6: using avx2x2 recovery algorithm
[    5.199253] xor: automatically using best checksumming function:
[    5.239366]    avx       : 34560.000 MB/sec
[    5.242737] async_tx: api initialized (async)
[    5.260300] md: raid6 personality registered for level 6
[    5.263667] md: raid5 personality registered for level 5
[    5.266024] md: raid4 personality registered for level 4
[    5.276829] md: raid10 personality registered for level 10
done.
Begin: Running /scripts/init-premount ... done.
Begin: Mounting root file system ... Begin: Running /scripts/local-top ... done.
Begin: Running /scripts/local-premount ... [    5.322832] Btrfs loaded
Scanning for Btrfs filesystems
done.
Warning: fsck not present, so skipping root file system
[    5.433057] EXT4-fs (sda1): mounted filesystem with ordered data mode. Opts: (null)
done.
Begin: Running /scripts/local-bottom ... done.
Begin: Running /scripts/init-bottom ... done.
[    5.921820] systemd[1]: systemd 229 running in system mode. (+PAM +AUDIT +SELINUX +IMA +APPARMOR +SMACK +SYSVINIT +UTMP +LIBCRYPTSETUP +GCRYPT +GNUTLS +ACL +XZ -LZ4 +SECCOMP +BLKID +ELFUTILS +KMOD -IDN)
[    5.929281] systemd[1]: Detected virtualization oracle.
[    5.931943] systemd[1]: Detected architecture x86-64.

Welcome to [1mUbuntu 16.04.6 LTS[0m!

[    5.943127] systemd[1]: Set hostname to <ubuntu>.
[    5.960821] systemd[1]: Initializing machine ID from random generator.
[    5.965265] systemd[1]: Installed transient /etc/machine-id file.
[    6.703498] systemd[1]: Reached target Swap.
[[0;32m  OK  [0m] Reached target Swap.
[    6.708262] systemd[1]: Set up automount Arbitrary Executable File Formats File System Automount Point.
[[0;32m  OK  [0m] Set up automount Arbitrary Executab...ats File System Automount Point.
[    6.717572] systemd[1]: Listening on udev Kernel Socket.
[[0;32m  OK  [0m] Listening on udev Kernel Socket.
[    6.722344] systemd[1]: Reached target System Time Synchronized.
[[0;32m  OK  [0m] Reached target System Time Synchronized.
[    6.728824] systemd[1]: Listening on LVM2 poll daemon socket.
[[0;32m  OK  [0m] Listening on LVM2 poll daemon socket.
[    6.735341] systemd[1]: Created slice System Slice.
[[0;32m  OK  [0m] Created slice System Slice.
[    6.742638] systemd[1]: Listening on /dev/initctl Compatibility Named Pipe.
[[0;32m  OK  [0m] Listening on /dev/initctl Compatibility Named Pipe.
[    6.751115] systemd[1]: Listening on Journal Socket.
[[0;32m  OK  [0m] Listening on Journal Socket.
[    6.775118] systemd[1]: Mounting Debug File System...
         Mounting Debug File System...
[    6.789725] systemd[1]: Starting Remount Root and Kernel File Systems...
         Starting Remount Root and Kernel File Systems...
[    6.803671] systemd[1]: Starting Create list of required static device nodes for the current kernel...
[    6.813931] EXT4-fs (sda1): re-mounted. Opts: (null)
         Starting Create list of required st... nodes for the current kernel...
[    6.875462] systemd[1]: Starting Load Kernel Modules...
         Starting Load Kernel Modules...
[    6.883219] systemd[1]: Listening on Journal Audit Socket.
[[0;32m  OK  [0m] Listening on Journal Audit Socket.
[    6.888917] systemd[1]: Started Trigger resolvconf update for networkd DNS.
[[0;32m  OK  [0m] Started Trigger resolvconf update for networkd DNS.
[    6.896979] systemd[1]: Started Forward Password Requests to Wall Directory Watch.
[    6.904981] Loading iSCSI transport class v2.0-870.
[[0;32m  OK  [0m] Started Forward Password Requests to Wall Directory Watch.
[    6.910608] systemd[1]: Listening on Journal Socket (/dev/log).
[[0;32m  OK  [0m] Listening on Journal Socket (/dev/log).
[    6.925574] iscsi: registered transport (tcp)
[    6.926998] systemd[1]: Mounting Huge Pages File System...
         Mounting Huge Pages File System...
[    6.933991] systemd[1]: Reached target Encrypted Volumes.
[[0;32m  OK  [0m] Reached target Encrypted Volumes.
[    6.943445] systemd[1]: Listening on udev Control Socket.
[[0;32m  OK  [0m] Listening on udev Control Socket.
[    6.959754] systemd[1]: Listening on LVM2 metadata daemon socket.
[[0;32m  OK  [0m] Listening on LVM2 metadata daemon socket.
[    6.968473] systemd[1]: Created slice system-serial\x2dgetty.slice.
[[0;32m  OK  [0m] Created slice system-serial\x2dgetty.slice.
[    6.980107] systemd[1]: Created slice User and Session Slice.
[[0;32m  OK  [0m] Created slice User and Session Slice.
[    6.991540] systemd[1]: Reached target Slices.
[[0;32m  OK  [0m] Reached target Slices.
[    7.015326] systemd[1]: Mounting POSIX Message Queue File System...
         Mounting POSIX Message Queue File System...
[    7.021674] iscsi: registered transport (iser)
[    7.028570] systemd[1]: Starting Uncomplicated firewall...
         Starting Uncomplicated firewall...
[    7.034197] systemd[1]: Listening on Device-mapper event daemon FIFOs.
[[0;32m  OK  [0m] Listening on Device-mapper event daemon FIFOs.
[    7.051965] systemd[1]: Starting Monitoring of LVM2 mirrors, snapshots etc. using dmeventd or progress polling...
         Starting Monitoring of LVM2 mirrors... dmeventd or progress polling...
[    7.065741] systemd[1]: Starting Set console keymap...
         Starting Set console keymap...
[    7.076186] systemd[1]: Starting Nameserver information manager...
         Starting Nameserver information manager...
[    7.091450] systemd[1]: Reached target User and Group Name Lookups.
[[0;32m  OK  [0m] Reached target User and Group Name Lookups.
[    7.111553] systemd[1]: Listening on Syslog Socket.
[[0;32m  OK  [0m] Listening on Syslog Socket.
[    7.139682] systemd[1]: Starting Journal Service...
         Starting Journal Service...
[    7.150727] systemd[1]: Mounted POSIX Message Queue File System.
[[0;32m  OK  [0m] Mounted POSIX Message Queue File System.
[    7.155832] systemd[1]: Mounted Debug File System.
[[0;32m  OK  [0m] Mounted Debug File System.
[    7.161375] systemd[1]: Mounted Huge Pages File System.
[[0;32m  OK  [0m] Mounted Huge Pages File System.
[    7.171902] systemd[1]: Started Remount Root and Kernel File Systems.
[[0;32m  OK  [0m] Started Remount Root and Kernel File Systems.
[    7.179373] systemd[1]: Started Create list of required static device nodes for the current kernel.
[[0;32m  OK  [0m] Started Create list of required sta...ce nodes for the current kernel.
[    7.188687] systemd[1]: Started Load Kernel Modules.
[    7.191578] random: nonblocking pool is initialized
[[0;32m  OK  [0m] Started Load Kernel Modules.
[    7.197860] systemd[1]: Started Uncomplicated firewall.
[[0;32m  OK  [0m] Started Uncomplicated firewall.
[    7.204592] systemd[1]: Started Set console keymap.
[[0;32m  OK  [0m] Started Set console keymap.
[    7.224238] systemd[1]: Started Journal Service.
[[0;32m  OK  [0m] Started Journal Service.
[[0;32m  OK  [0m] Started Nameserver information manager.
[[0;32m  OK  [0m] Started LVM2 metadata daemon.
         Mounting FUSE Control File System...
         Starting Apply Kernel Variables...
         Starting Create Static Device Nodes in /dev...
         Starting udev Coldplug all Devices...
         Starting Load/Save Random Seed...
         Starting Flush Journal to Persistent Storage...
[[0;32m  OK  [0m] Mounted FUSE Control File System.
[[0;32m  OK  [0m] Started Load/Save Random Seed.
[[0;32m  OK  [0m] Started Create Static Device Nodes in /dev.
[[0;32m  OK  [0m] Started Apply Kernel Variables.
[[0;32m  OK  [0m] Started Flush Journal to Persistent Storage.
         Starting udev Kernel Device Manager...
[[0;32m  OK  [0m] Started udev Coldplug all Devices.
[[0;32m  OK  [0m] Started udev Kernel Device Manager.
[[0;32m  OK  [0m] Started Dispatch Password Requests to Console Directory Watch.
[[0;32m  OK  [0m] Started Monitoring of LVM2 mirrors,...ng dmeventd or progress polling.
[[0;32m  OK  [0m] Found device /dev/ttyS0.
[[0;32m  OK  [0m] Reached target Local File Systems (Pre).
[[0;32m  OK  [0m] Reached target Local File Systems.
         Starting Commit a transient machine-id on disk...
         Starting Tell Plymouth To Write Out Runtime Data...
         Starting Set console font and keymap...
         Starting Create Volatile Files and Directories...
         Starting LSB: AppArmor initialization...
         Starting Initial cloud-init job (pre-networking)...
[[0;32m  OK  [0m] Started Commit a transient machine-id on disk.
[[0;32m  OK  [0m] Started Tell Plymouth To Write Out Runtime Data.
[[0;32m  OK  [0m] Started Create Volatile Files and Directories.
         Starting Update UTMP about System Boot/Shutdown...
[[0;32m  OK  [0m] Started Update UTMP about System Boot/Shutdown.
[[0;32m  OK  [0m] Listening on Load/Save RF Kill Switch Status /dev/rfkill Watch.
[[0;32m  OK  [0m] Started LSB: AppArmor initialization.
[[0;32m  OK  [0m] Started Set console font and keymap.
[[0;32m  OK  [0m] Created slice system-getty.slice.
[   10.451616] cloud-init[515]: Cloud-init v. 18.5-45-g3554ffe8-0ubuntu1~16.04.1 running 'init-local' at Tue, 14 May 2019 20:17:49 +0000. Up 9.86 seconds.
[[0;32m  OK  [0m] Started Initial cloud-init job (pre-networking).
[[0;32m  OK  [0m] Reached target Network (Pre).
         Starting Raise network interfaces...
[[0;32m  OK  [0m] Started Raise network interfaces.
[[0;32m  OK  [0m] Reached target Network.
         Starting Initial cloud-init job (metadata service crawler)...
[   12.344887] cloud-init[950]: Cloud-init v. 18.5-45-g3554ffe8-0ubuntu1~16.04.1 running 'init' at Tue, 14 May 2019 20:17:50 +0000. Up 11.33 seconds.
[   12.351387] cloud-init[950]: ci-info: ++++++++++++++++++++++++++++++++++++++Net device info+++++++++++++++++++++++++++++++++++++++
[   12.360775] cloud-init[950]: ci-info: +--------+-------+----------------------------+---------------+--------+-------------------+
[   12.369046] cloud-init[950]: ci-info: | Device |   Up  |          Address           |      Mask     | Scope  |     Hw-Address    |
[   12.377196] cloud-init[950]: ci-info: +--------+-------+----------------------------+---------------+--------+-------------------+
[   12.385064] cloud-init[950]: ci-info: | enp0s3 |  True |         10.0.2.15          | 255.255.255.0 | global | 02:3a:f4:24:e2:72 |
[   12.402446] cloud-init[950]: ci-info: | enp0s3 |  True | fe80::3a:f4ff:fe24:e272/64 |       .       |  link  | 02:3a:f4:24:e2:72 |
[   12.416276] cloud-init[950]: ci-info: | enp0s8 | False |             .              |       .       |   .    | 08:00:27:ec:58:ce |
[   12.430550] cloud-init[950]: ci-info: |   lo   |  True |         127.0.0.1          |   255.0.0.0   |  host  |         .         |
[   12.445876] cloud-init[950]: ci-info: |   lo   |  True |          ::1/128           |       .       |  host  |         .         |
[   12.460405] cloud-init[950]: ci-info: +--------+-------+----------------------------+---------------+--------+-------------------+
[   12.474189] cloud-init[950]: ci-info: +++++++++++++++++++++++++++Route IPv4 info++++++++++++++++++++++++++++
[   12.490218] cloud-init[950]: ci-info: +-------+-------------+----------+---------------+-----------+-------+
[   12.505245] cloud-init[950]: ci-info: | Route | Destination | Gateway  |    Genmask    | Interface | Flags |
[   12.508549] cloud-init[950]: ci-info: +-------+-------------+----------+---------------+-----------+-------+
[   12.511999] cloud-init[950]: ci-info: |   0   |   0.0.0.0   | 10.0.2.2 |    0.0.0.0    |   enp0s3  |   UG  |
[   12.516028] cloud-init[950]: ci-info: |   1   |   10.0.2.0  | 0.0.0.0  | 255.255.255.0 |   enp0s3  |   U   |
[   12.525145] cloud-init[950]: ci-info: +-------+-------------+----------+---------------+-----------+-------+
[   12.537081] cloud-init[950]: ci-info: +++++++++++++++++++Route IPv6 info+++++++++++++++++++
[   12.542038] cloud-init[950]: ci-info: +-------+-------------+---------+-----------+-------+
[   12.546434] cloud-init[950]: ci-info: | Route | Destination | Gateway | Interface | Flags |
[   12.550898] cloud-init[950]: ci-info: +-------+-------------+---------+-----------+-------+
[   12.555616] cloud-init[950]: ci-info: |   0   |  fe80::/64  |    ::   |   enp0s3  |   U   |
[   12.560084] cloud-init[950]: ci-info: |   3   |   ff00::/8  |    ::   |   enp0s3  |   U   |
[   12.568995] cloud-init[950]: ci-info: +-------+-------------+---------+-----------+-------+
[   12.573157] cloud-init[950]: Generating public/private rsa key pair.
[   12.576928] cloud-init[950]: Your identification has been saved in /etc/ssh/ssh_host_rsa_key.
[   12.581149] cloud-init[950]: Your public key has been saved in /etc/ssh/ssh_host_rsa_key.pub.
[[0;32m  OK  [0m] Started Initial cloud-init job (metadata service crawler).
[   12.592805] cloud-init[950]: The key fingerprint is:
[   12.599490] cloud-init[950]: SHA256:JyUouvP2cAx+5y2IccHkvUusxeYJQ2bibL+b0TEWr2Y root@ubuntu-xenial
[[0;32m  OK  [0m] Reached target Cloud-config availability.
[[0;32m  OK  [0m] Reached target System Initialization.
[   12.609983] cloud-init[950]: The key's randomart image is:
[[0;32m  OK  [0m] Started Daily apt download activities.
[   12.625564] cloud-init[950]: +---[RSA 2048]----+
[   12.632680] cloud-init[950]: |                 |
[   12.641083] [cloud-init[0;32m  OK  [0m[950]: ] |      ..         |Started ACPI Events Check.

[   12.645036] [[0;32m  OK  [0m] Reached target Paths.
[[0;32m  OK  [0m] Listening on D-Bus System Message Bus Socket.
[[0;32m  OK  [0m] Started Daily apt upgrade and clean activities.
[[0;32m  OK  [0m] Listening on UUID daemon activation socket.
cloud-init[950]: |    .+..o .      |         Starting LXD - unix socket.
[[0;32m  OK  [0m] Started Daily Cleanup of Temporary Directories.
         Starting Socket activation for snappy daemon.

[   12.666882] cloud-init[950]: |   ...B .=       |
[[0;32m  OK  [0m] Listening on ACPID Listen Socket.
[   12.672215] [[0;32m  OK  [0m] Reached target Timers.
[[0;32m  OK  [0m] Reached target Network is Online.
cloud-init[950]: |  .o.= +S.o      |
[   12.679768] cloud-init[950]: |   o=o+oB*       |
[   12.682275] cloud-init[950]: |  o.o==XEo       |
[   12.684693] cloud-init[950]: |   oo++B=.       |
[   12.687281] cloud-init[950]:          Starting iSCSI initiator daemon (iscsid)...
[[0;32m  OK  [0m] Listening on LXD - unix socket.
[[0;32m  OK  [0m] Listening on Socket activation for snappy daemon.
[|   ...=o...      |
[   12.696587] cloud-init[950]: +----[SHA256]-----+
[   12.696653] cloud-init[950]: Generating public/private dsa key pair.
[   12.696700] cloud-init[950]: Your identification has been saved in /etc/ssh/ssh_host_dsa_key.
[   12.696748] cloud-init[950]: Your public key has been saved in /etc/ssh/ssh_host_dsa_key.pub.
[   12.696790] cloud-init[950]: The key fingerprint is:
[0;32m  OK  [0m] Reached target Sockets.
[[0;32m  OK  [0m] Reached target Basic System.
[   12.696832] cloud-init[950]: SHA256:KyB6xsxgpsF2O2dNPi5c8LvY9GO5xRVvlNhP7aBsiMM root@ubuntu-xenial
[   12.723951] cloud-init[950]: The key's randomart image is:
         Starting Login Service...
[   12.729072] cloud-init[950]: +---[DSA 1024]----+
[   12.732356] cloud-init[950]: |                 |
[   12.735130] cloud-init[950]: |              o o|
[   12.738048] cloud-init[950]: |             o.+o|
[   12.740506]          cloud-initStarting Pollinate to seed the pseudo random number generator...[950]: 
|.    . . . o .++.|
         Starting Accounts Service...
         Starting System Logging Service...
[   12.751190] cloud-init[950]: |o=... o.E . +. oo|
[   12.761649] [[0;32m  OK  [0m] Started D-Bus System Message Bus.
cloud-init[950]: |=B....+o o... .  |
[   12.769254] cloud-init[950]: |o *o.oo=o .o     |
[   12.772899] cloud-init[950]: | o  +o=oo+.      |
[   12.779387] cloud-init[950]: |     ..+ooo      |
[   12.783518] cloud-init[950]: +----[SHA256]-----+
[   12.786753] cloud-init[950]: Generating public/private ecdsa key pair.
[   12.793290] cloud-init[950]: Your identification has been saved in /etc/ssh/ssh_host_ecdsa_key.
[   12.798729] cloud-init[950]: Your public key has been saved in /etc/ssh/ssh_host_ecdsa_key.pub.
[   12.803423] cloud-init[950]: The key fingerprint is:
[   12.807456] cloud-init[950]: SHA256:hkyN9xQW4E9Ac3uRJYs6W3TDbWV8QnIFF1mqjLCOxlk root@ubuntu-xenial
[   12.812653] cloud-init[950]: The key's randomart image is:
[   12.816247] cloud-init[950]: +---[ECDSA 256]---+
[   12.819432] cloud-init[950]: |       .=.=.++==X|
[   12.822662] cloud-init[950]: |       + = =.B.*o|
[   12.827471] cloud-init[950]: |      o = * * +..|
[   12.837181] cloud-init[950]: |     o o X = +   |
[   12.843646] cloud-init[950]: |      o E = o    |
[   12.847040] cloud-init[950]: |     . * +       |
[   12.851493] cloud-init[950]: |      = o        |
[   12.854981] cloud-init[950]: |     .           |
[   12.857342] cloud-init[950]: |                 |
[   12.861019] cloud-init[950]: +----[SHA256]-----+
[   12.865041] cloud-init[950]: Generating public/private ed25519 key pair.
[   12.869797] cloud-init[950]: Your identification has been saved in /etc/ssh/ssh_host_ed25519_key.
[   12.874063] cloud-init[950]: Your public key has been saved in /etc/ssh/ssh_host_ed25519_key.pub.
[   12.879584] cloud-init[950]: The key fingerprint is:
[   12.883273] cloud-init[950]: SHA256:oDRFSQ12T3+CI7emz3OwJj1/0n0bX46eeaztioPtjgM root@ubuntu-xenial
[   12.888167] cloud-init[950]: The key's randomart image is:
[   12.891928] cloud-init[950]: +--[ED25519 256]--+
[   12.895085] cloud-init[950]: |     o*+. .      |
[   12.897631] cloud-init[950]: |     o...o o     |
[   12.902847] cloud-init[950]: |    o . . = o .  |
[   12.906278] cloud-init[950]: |   . o . o o o   |
[   12.909312] cloud-init[950]: |    .   S o      |
[   12.912224] cloud-init[950]: |        Eo.      |
[   12.915527] cloud-init[950]: |        .o = . +.|
[   12.919056] cloud-init         Starting /etc/rc.local Compatibility...
         Starting Virtualbox guest utils...
[950]: |        .oO.=.o*O|
[   12.924955] [[0;32m  OK  [0m] Started Deferred execution scheduler.
[[0;32m  OK  [0m] Started Unattended Upgrades Shutdown.
cloud-init[950]: |         o+O==B*B|
         Starting LSB: MD monitoring daemon...
[[0;32m  OK  [0m] Started Regular background program processing daemon.
         Starting LXD - container startup/shutdown...
         Starting Snappy daemon...
[   12.935169] cloud-init[[0;32m  OK  [0m] Started FUSE filesystem for LXC.
         Starting LSB: Record successful boot for GRUB...
[950]: +----[SHA256]-----+
[[0;32m  OK  [0m] Started ACPI event daemon.
[[0;32m  OK  [0m] Started System Logging Service.
[[0;32m  OK  [0m] Started /etc/rc.local Compatibility.
[[0;32m  OK  [0m] Started iSCSI initiator daemon (iscsid).
[[0;32m  OK  [0m] Started Login Service.
         Starting Authenticate and Authorize Users to Run Privileged Tasks...
         Starting Login to default iSCSI targets...
[[0;32m  OK  [0m] Started LSB: Record successful boot for GRUB.
[[0;32m  OK  [0m] Started LSB: MD monitoring daemon.
[[0;32m  OK  [0m] Started Login to default iSCSI targets.
[[0;32m  OK  [0m] Reached target Remote File Systems (Pre).
[[0;32m  OK  [0m] Reached target Remote File Systems.
         Starting LSB: Set the CPU Frequency Scaling governor to "ondemand"...
         Starting Permit User Sessions...
         Starting LSB: daemon to balance interrupts for SMP systems...
         Starting LSB: automatic crash report generation...
[[0;32m  OK  [0m] Started Authenticate and Authorize Users to Run Privileged Tasks.
[[0;32m  OK  [0m] Started Accounts Service.
[[0;32m  OK  [0m] Started Permit User Sessions.
[[0;32m  OK  [0m] Started Virtualbox guest utils.
         Starting Terminate Plymouth Boot Screen...
         Starting Hold until boot process finishes up...
[[0;32m  OK  [0m] Started LSB: Set the CPU Frequency Scaling governor to "ondemand".
[[0;32m  OK  [0m] Started Terminate Plymouth Boot Screen.
[[0;32m  OK  [0m] Started Hold until boot process finishes up.
[[0;32m  OK  [0m] Started LSB: daemon to balance interrupts for SMP systems.
[[0;32m  OK  [0m] Started Getty on tty1.
[[0;32m  OK  [0m] Started Serial Getty on ttyS0.
[[0;32m  OK  [0m] Reached target Login Prompts.
         Starting Set console scheme...
[[0;32m  OK  [0m] Started Pollinate to seed the pseudo random number generator.
[[0;32m  OK  [0m] Started LXD - container startup/shutdown.
[[0;32m  OK  [0m] Started LSB: automatic crash report generation.
[[0;32m  OK  [0m] Started Set console scheme.
         Starting OpenBSD Secure Shell server...
[[0;32m  OK  [0m] Started Snappy daemon.
         Starting Wait until snapd is fully seeded...
[[0;32m  OK  [0m] Started OpenBSD Secure Shell server.
[[0;32m  OK  [0m] Created slice User Slice of vagrant.
         Starting User Manager for UID 1000...
[[0;32m  OK  [0m] Started Session 1 of user vagrant.
[[0;32m  OK  [0m] Started User Manager for UID 1000.
[[0;32m  OK  [0m] Started Wait until snapd is fully seeded.
         Starting Apply the settings specified in cloud-config...
[[0;32m  OK  [0m] Reached target Multi-User System.
[[0;32m  OK  [0m] Reached target Graphical Interface.
         Starting Update UTMP about System Runlevel Changes...
[[0;32m  OK  [0m] Started Update UTMP about System Runlevel Changes.
[   16.628284] cloud-init[1366]: Generating locales (this might take a while)...
         Stopping User Manager for UID 1000...
[[0;32m  OK  [0m] Stopped User Manager for UID 1000.
[[0;32m  OK  [0m] Removed slice User Slice of vagrant.
[[0;32m  OK  [0m] Created slice User Slice of vagrant.
         Starting User Manager for UID 1000...
[[0;32m  OK  [0m] Started Session 2 of user vagrant.
[[0;32m  OK  [0m] Started User Manager for UID 1000.
[   18.123772] cloud-init[1366]:   en_US.UTF-8... done
[   18.128953] cloud-init[1366]: Generation complete.
[   18.834242] cloud-init[1366]: Cloud-init v. 18.5-45-g3554ffe8-0ubuntu1~16.04.1 running 'modules:config' at Tue, 14 May 2019 20:17:55 +0000. Up 16.45 seconds.
ci-info: no authorized ssh keys fingerprints found for user ubuntu.
<14>May 14 20:17:59 ec2: 
<14>May 14 20:17:59 ec2: #############################################################
<14>May 14 20:17:59 ec2: -----BEGIN SSH HOST KEY FINGERPRINTS-----
<14>May 14 20:17:59 ec2: 1024 SHA256:KyB6xsxgpsF2O2dNPi5c8LvY9GO5xRVvlNhP7aBsiMM root@ubuntu-xenial (DSA)
<14>May 14 20:17:59 ec2: 256 SHA256:hkyN9xQW4E9Ac3uRJYs6W3TDbWV8QnIFF1mqjLCOxlk root@ubuntu-xenial (ECDSA)
<14>May 14 20:17:59 ec2: 256 SHA256:oDRFSQ12T3+CI7emz3OwJj1/0n0bX46eeaztioPtjgM root@ubuntu-xenial (ED25519)
<14>May 14 20:17:59 ec2: 2048 SHA256:JyUouvP2cAx+5y2IccHkvUusxeYJQ2bibL+b0TEWr2Y root@ubuntu-xenial (RSA)
<14>May 14 20:17:59 ec2: -----END SSH HOST KEY FINGERPRINTS-----
<14>May 14 20:17:59 ec2: #############################################################
-----BEGIN SSH HOST KEY KEYS-----
ecdsa-sha2-nistp256 AAAAE2VjZHNhLXNoYTItbmlzdHAyNTYAAAAIbmlzdHAyNTYAAABBBGFRHUS5d87Zj3ZA2Jj4qRcw7V9OMYf76+2r7qVV2tjfA6DBOc+/k6uI/gkIw0d5rw15qRpRs+5+z8m62Us8uVI= root@ubuntu-xenial
ssh-ed25519 AAAAC3NzaC1lZDI1NTE5AAAAIJMU85rmBN6bw3TlfMD5DFAdXNG+PZTsPywdyFHN0JrP root@ubuntu-xenial
ssh-rsa AAAAB3NzaC1yc2EAAAADAQABAAABAQC6ScW7WyRQh/mFtOCLeBUw2/aapGEZUu2MGvCFko9GOqrK57TJlFNfecE/vELsT+zS5Irzm8Ao2TRog9vaGVt74tUxkY6HbNxG73YbH7mgzs6v/eHKQtVM36Gb5fiyIZkHVV4HL2FJHAXisjgouPKitSrYgHmtf1OUN8j2xEyOS5P93IhTz5JY8Gu+9ePcaMVwUbySL/Sy6vRYZHoDVv7FYowzqk2c7h4IXxML2/3zVf+VvX4Ui/MDK/WtkP9sapxM6afQ9NKGtM/VPA+tQasfm/HDQf4h2sFHcrSM+d0lYAjxUKBUKUGmU8+89OREpKz+q0MfTOhdmZDKIHVs9r6J root@ubuntu-xenial
-----END SSH HOST KEY KEYS-----

Ubuntu 16.04.6 LTS ubuntu-xenial ttyS0

ubuntu-xenial login: [   19.662141] cloud-init[1609]: Cloud-init v. 18.5-45-g3554ffe8-0ubuntu1~16.04.1 running 'modules:final' at Tue, 14 May 2019 20:17:58 +0000. Up 19.31 seconds.
[   19.662368] cloud-init[1609]: ci-info: no authorized ssh keys fingerprints found for user ubuntu.
[   19.676691] cloud-init[1609]: Cloud-init v. 18.5-45-g3554ffe8-0ubuntu1~16.04.1 finished at Tue, 14 May 2019 20:17:59 +0000. Datasource DataSourceNoCloud [seed=/dev/sdb][dsmode=net].  Up 19.60 seconds
